=======================================================================
Candidate exploit tables:

Vulnerable gadgets found per syscall and argument type:
[4mSyscalls | Total covered |Total found where this arg has a dataflow from attacker data (% that are identity dataflows, if any)[0m
execve   |      12       |    7 (86%)    |    8 (88%)    |    8 (75%)    |               |               |              
mmap     |     1907      |   50 (16%)    |   1382 (8%)   |      50       |   53 (100%)   |   17 (94%)    |    73 (3%)   
mprotect |     119       |   57 (49%)    |   58 (36%)    |       1       |               |               |              
mremap   |      11       |   11 (18%)    |    4 (75%)    |   11 (55%)    |       -       |       -       |              
pwrite64 |     1286      |   1241 (3%)   |   751 (42%)   |   402 (3%)    |   519 (42%)   |               |              
pwritev  |      12       |   11 (91%)    |    11 (9%)    |       -       |   10 (20%)    |               |              
sendfile |      1        |       -       |       -       |       1       |       1       |               |              
sendmmsg |      1        |       1       |       1       |       -       |       -       |               |              
sendmsg  |      13       |   5 (100%)    |    4 (75%)    |       -       |               |               |              
sendto   |     434       |   389 (5%)    |   410 (64%)   |   408 (7%)    |       -       |       -       |       -      
write    |     3772      |   898 (76%)   |  3563 (84%)   |   1315 (9%)   |               |               |              
writev   |     778       |   226 (17%)   |   766 (65%)   |       -       |               |               |              
* Syscalls not covered: execveat pwritev2 remap_file_pages 

Vulnerable gadgets found per target application:
- apache: 3390 gadgets (69% with an iflow)
- lighttpd: 93 gadgets (97% with an iflow)
- memcached: 16 gadgets (81% with an iflow)
- nginx: 1605 gadgets (69% with an iflow)
- postgres: 2134 gadgets (35% with an iflow)
- redis: 274 gadgets (83% with an iflow)
* TOTAL: 7512 gadgets (60% with an iflow)

=======================================================================

